<?xml version="1.0" encoding="UTF-8"?>
<!-- Generated by org.testng.reporters.JUnitReportReporter -->
<testsuite skipped="0" hostname="PC" name="Users.CurrencySearch" tests="1" failures="0" timestamp="2021-07-07T12:04:07 IST" time="4.211" errors="0">
  <testcase name="searchCurrency" time="4.211" classname="Users.CurrencySearch"/>
  <system-out/>
</testsuite> <!-- Users.CurrencySearch -->
