<?xml version="1.0" encoding="UTF-8"?>
<!-- Generated by org.testng.reporters.JUnitReportReporter -->
<testsuite skipped="0" hostname="PC" name="Users.GetUserDetails" tests="1" failures="0" timestamp="2021-07-07T18:09:34 IST" time="5.433" errors="0">
  <testcase name="userDetails" time="5.433" classname="Users.GetUserDetails"/>
  <system-out/>
</testsuite> <!-- Users.GetUserDetails -->
