<?xml version="1.0" encoding="UTF-8"?>
<!-- Generated by org.testng.reporters.JUnitReportReporter -->
<testsuite skipped="0" hostname="PC" name="Users.CreateUser" tests="1" failures="0" timestamp="2021-07-11T17:07:07 IST" time="3.046" errors="0">
  <testcase name="createUser" time="3.046" classname="Users.CreateUser"/>
  <system-out/>
</testsuite> <!-- Users.CreateUser -->
