<?xml version="1.0" encoding="UTF-8"?>
<!-- Generated by org.testng.reporters.JUnitReportReporter -->
<testsuite skipped="0" hostname="PC" name="Users.GetAllUsers" tests="1" failures="0" timestamp="2021-07-06T22:49:46 IST" time="3.154" errors="0">
  <testcase name="user" time="3.154" classname="Users.GetAllUsers"/>
  <system-out/>
</testsuite> <!-- Users.GetAllUsers -->
