<?xml version="1.0" encoding="UTF-8"?>
<!-- Generated by org.testng.reporters.JUnitReportReporter -->
<testsuite skipped="0" hostname="PC" name="TestNG.TestNG" tests="1" failures="0" timestamp="2021-07-07T11:57:45 IST" time="0.010" errors="0">
  <testcase name="Test" time="0.010" classname="TestNG.TestNG"/>
</testsuite> <!-- TestNG.TestNG -->
