<?xml version="1.0" encoding="UTF-8"?>
<!-- Generated by org.testng.reporters.JUnitReportReporter -->
<testsuite skipped="0" hostname="PC" name="restRequests.GETRequest" tests="1" failures="0" timestamp="2021-07-13T14:32:07 IST" time="5.139" errors="0">
  <testcase name="getWeatherDetails" time="5.139" classname="restRequests.GETRequest"/>
  <system-out/>
</testsuite> <!-- restRequests.GETRequest -->
