<?xml version="1.0" encoding="UTF-8"?>
<!-- Generated by org.testng.reporters.JUnitReportReporter -->
<testsuite skipped="0" hostname="PC" name="JavaP.First" tests="1" failures="0" timestamp="2021-02-20T10:23:45 IST" time="0.017" errors="0">
  <testcase name="one" time="0.017" classname="JavaP.First"/>
</testsuite> <!-- JavaP.First -->
