<?xml version="1.0" encoding="UTF-8"?>
<!-- Generated by org.testng.reporters.JUnitReportReporter -->
<testsuite skipped="0" hostname="PC" name="Java.Pract.TestNG" tests="1" failures="0" timestamp="2021-07-01T18:05:12 IST" time="0.015" errors="0">
  <testcase name="Test" time="0.015" classname="Java.Pract.TestNG"/>
</testsuite> <!-- Java.Pract.TestNG -->
